HOMEBREW_VERSION: 0.9.9
ORIGIN: https://github.com/Linuxbrew/brew
HEAD: 5a149a673b03fb3d4ad0376d72724f28b38a8b45
Last commit: 2 days ago
Core tap ORIGIN: https://github.com/Linuxbrew/homebrew-core
Core tap HEAD: a08dca77c8e4f7fbf25a284242ec903c3ebe4f45
Core tap last commit: 24 hours ago
HOMEBREW_PREFIX: /home/zackcohen/.linuxbrew
HOMEBREW_REPOSITORY: /home/zackcohen/.linuxbrew
HOMEBREW_CELLAR: /home/zackcohen/.linuxbrew/Cellar
HOMEBREW_BOTTLE_DOMAIN: https://linuxbrew.bintray.com
CPU: octa-core 64-bit haswell
Homebrew Ruby: 2.3.1 => /usr/bin/ruby2.3
Clang: N/A
Git: 2.7.4 => /usr/bin/git
Perl: /usr/bin/perl
Python: /usr/bin/python => /usr/bin/python2.7
Ruby: /usr/bin/ruby => /usr/bin/ruby2.3
Java: openjdk version "1.8.0_91"
Kernel: Linux 4.4.0-31-generic x86_64 GNU/Linux
OS: Ubuntu 16.04.1 LTS
Codename: xenial
OS glibc: 2.23
OS gcc: 5.4.0
Linuxbrew glibc: N/A
Linuxbrew gcc: N/A
Linuxbrew xorg: N/A
